2022-08-04 14:00:02.8265 ip: 39.103.141.16:55612 System.Exception: recv packet size error, 可能是外网探测端口: 0
   at ET.PacketParser.Parse() in /Users/workspace/ET-EUI/Unity/Assets/Mono/Module/NetworkTCP/PacketParser.cs:line 64
   at ET.TChannel.HandleRecv(Object o) in /Users/workspace/ET-EUI/Unity/Assets/Mono/Module/NetworkTCP/TChannel.cs:line 273
   at ET.TChannel.HandleRecv(Object o) in /Users/workspace/ET-EUI/Unity/Assets/Mono/Module/NetworkTCP/TChannel.cs:line 273
   at ET.TChannel.OnRecvComplete(Object o) in /Users/workspace/ET-EUI/Unity/Assets/Mono/Module/NetworkTCP/TChannel.cs:line 227
   at ET.TChannel.<>c__DisplayClass10_0.<OnComplete>b__1() in /Users/workspace/ET-EUI/Unity/Assets/Mono/Module/NetworkTCP/TChannel.cs:line 37
   at ET.ThreadSynchronizationContext.Update() in /Users/workspace/ET-EUI/Unity/Assets/Mono/Core/ThreadSynchronizationContext.cs:line 34
   at ET.Game.Update() in /Users/workspace/ET-EUI/Unity/Codes/Model/Core/Entity/Game.cs:line 38
   at ET.Program.Main(String[] args) in /Users/workspace/ET-EUI/Server/App/Program.cs:line 50

2022-08-04 14:00:03.8295 ip: 39.103.141.16:56008 System.Exception: recv packet size error, 可能是外网探测端口: 0
   at ET.PacketParser.Parse() in /Users/workspace/ET-EUI/Unity/Assets/Mono/Module/NetworkTCP/PacketParser.cs:line 64
   at ET.TChannel.HandleRecv(Object o) in /Users/workspace/ET-EUI/Unity/Assets/Mono/Module/NetworkTCP/TChannel.cs:line 273
   at ET.TChannel.HandleRecv(Object o) in /Users/workspace/ET-EUI/Unity/Assets/Mono/Module/NetworkTCP/TChannel.cs:line 273
   at ET.TChannel.OnRecvComplete(Object o) in /Users/workspace/ET-EUI/Unity/Assets/Mono/Module/NetworkTCP/TChannel.cs:line 227
   at ET.TChannel.<>c__DisplayClass10_0.<OnComplete>b__1() in /Users/workspace/ET-EUI/Unity/Assets/Mono/Module/NetworkTCP/TChannel.cs:line 37
   at ET.ThreadSynchronizationContext.Update() in /Users/workspace/ET-EUI/Unity/Assets/Mono/Core/ThreadSynchronizationContext.cs:line 34
   at ET.Game.Update() in /Users/workspace/ET-EUI/Unity/Codes/Model/Core/Entity/Game.cs:line 38
   at ET.Program.Main(String[] args) in /Users/workspace/ET-EUI/Server/App/Program.cs:line 50

2022-08-04 14:01:15.6787 ip: 39.103.141.16:42224 System.Exception: recv packet size error, 可能是外网探测端口: 0
   at ET.PacketParser.Parse() in /Users/workspace/ET-EUI/Unity/Assets/Mono/Module/NetworkTCP/PacketParser.cs:line 64
   at ET.TChannel.HandleRecv(Object o) in /Users/workspace/ET-EUI/Unity/Assets/Mono/Module/NetworkTCP/TChannel.cs:line 273
   at ET.TChannel.HandleRecv(Object o) in /Users/workspace/ET-EUI/Unity/Assets/Mono/Module/NetworkTCP/TChannel.cs:line 273
   at ET.TChannel.OnRecvComplete(Object o) in /Users/workspace/ET-EUI/Unity/Assets/Mono/Module/NetworkTCP/TChannel.cs:line 227
   at ET.TChannel.<>c__DisplayClass10_0.<OnComplete>b__1() in /Users/workspace/ET-EUI/Unity/Assets/Mono/Module/NetworkTCP/TChannel.cs:line 37
   at ET.ThreadSynchronizationContext.Update() in /Users/workspace/ET-EUI/Unity/Assets/Mono/Core/ThreadSynchronizationContext.cs:line 34
   at ET.Game.Update() in /Users/workspace/ET-EUI/Unity/Codes/Model/Core/Entity/Game.cs:line 38
   at ET.Program.Main(String[] args) in /Users/workspace/ET-EUI/Server/App/Program.cs:line 50

2022-08-04 14:01:51.4954 ip: 39.103.141.16:50622 System.Exception: recv packet size error, 可能是外网探测端口: 0
   at ET.PacketParser.Parse() in /Users/workspace/ET-EUI/Unity/Assets/Mono/Module/NetworkTCP/PacketParser.cs:line 64
   at ET.TChannel.HandleRecv(Object o) in /Users/workspace/ET-EUI/Unity/Assets/Mono/Module/NetworkTCP/TChannel.cs:line 273
   at ET.TChannel.HandleRecv(Object o) in /Users/workspace/ET-EUI/Unity/Assets/Mono/Module/NetworkTCP/TChannel.cs:line 273
   at ET.TChannel.OnRecvComplete(Object o) in /Users/workspace/ET-EUI/Unity/Assets/Mono/Module/NetworkTCP/TChannel.cs:line 227
   at ET.TChannel.<>c__DisplayClass10_0.<OnComplete>b__1() in /Users/workspace/ET-EUI/Unity/Assets/Mono/Module/NetworkTCP/TChannel.cs:line 37
   at ET.ThreadSynchronizationContext.Update() in /Users/workspace/ET-EUI/Unity/Assets/Mono/Core/ThreadSynchronizationContext.cs:line 34
   at ET.Game.Update() in /Users/workspace/ET-EUI/Unity/Codes/Model/Core/Entity/Game.cs:line 38
   at ET.Program.Main(String[] args) in /Users/workspace/ET-EUI/Server/App/Program.cs:line 50

2022-08-04 14:02:12.5085 ip: 39.103.141.16:55578 System.Exception: recv packet size error, 可能是外网探测端口: 0
   at ET.PacketParser.Parse() in /Users/workspace/ET-EUI/Unity/Assets/Mono/Module/NetworkTCP/PacketParser.cs:line 64
   at ET.TChannel.HandleRecv(Object o) in /Users/workspace/ET-EUI/Unity/Assets/Mono/Module/NetworkTCP/TChannel.cs:line 273
   at ET.TChannel.HandleRecv(Object o) in /Users/workspace/ET-EUI/Unity/Assets/Mono/Module/NetworkTCP/TChannel.cs:line 273
   at ET.TChannel.OnRecvComplete(Object o) in /Users/workspace/ET-EUI/Unity/Assets/Mono/Module/NetworkTCP/TChannel.cs:line 227
   at ET.TChannel.<>c__DisplayClass10_0.<OnComplete>b__1() in /Users/workspace/ET-EUI/Unity/Assets/Mono/Module/NetworkTCP/TChannel.cs:line 37
   at ET.ThreadSynchronizationContext.Update() in /Users/workspace/ET-EUI/Unity/Assets/Mono/Core/ThreadSynchronizationContext.cs:line 34
   at ET.Game.Update() in /Users/workspace/ET-EUI/Unity/Codes/Model/Core/Entity/Game.cs:line 38
   at ET.Program.Main(String[] args) in /Users/workspace/ET-EUI/Server/App/Program.cs:line 50

2022-08-04 14:02:12.7232 39.103.141.16:55662 12 System.Collections.Generic.KeyNotFoundException: The given key '1' was not present in the dictionary.
   at System.Collections.Generic.Dictionary`2.get_Item(TKey key)
   at ET.OpcodeTypeComponent.GetType(UInt16 opcode) in /Users/workspace/ET-EUI/Unity/Codes/Model/Module/Message/OpcodeTypeComponent.cs:line 100
   at ET.SessionStreamDispatcherServerOuter.Dispatch(Session session, MemoryStream memoryStream) in /Users/workspace/ET-EUI/Server/Hotfix/Demo/Session/SessionStreamDispatcherServerOuter.cs:line 12
   at ET.SessionStreamDispatcherSystem.Dispatch(SessionStreamDispatcher self, Int32 type, Session session, MemoryStream memoryStream) in /Users/workspace/ET-EUI/Unity/Codes/Hotfix/Module/Message/SessionStreamDispatcherSystem.cs:line 81
   at ET.NetKcpComponentSystem.OnRead(NetKcpComponent self, Int64 channelId, MemoryStream memoryStream) in /Users/workspace/ET-EUI/Unity/Codes/Hotfix/Module/Message/NetKcpComponentSystem.cs:line 59
   at ET.NetKcpComponentAwake1System.<>c__DisplayClass0_0.<Awake>b__1(Int64 channelId, MemoryStream Memory) in /Users/workspace/ET-EUI/Unity/Codes/Hotfix/Module/Message/NetKcpComponentSystem.cs:line 31
   at ET.AService.OnRead(Int64 channelId, MemoryStream memoryStream) in /Users/workspace/ET-EUI/Unity/Assets/Mono/Module/Network/AService.cs:line 53
   at ET.TChannel.OnRead(MemoryStream memoryStream) in /Users/workspace/ET-EUI/Unity/Assets/Mono/Module/NetworkTCP/TChannel.cs:line 391
   at ET.TChannel.OnRead(MemoryStream memoryStream) in /Users/workspace/ET-EUI/Unity/Assets/Mono/Module/NetworkTCP/TChannel.cs:line 391
   at ET.TChannel.HandleRecv(Object o) in /Users/workspace/ET-EUI/Unity/Assets/Mono/Module/NetworkTCP/TChannel.cs:line 279
   at ET.TChannel.OnRecvComplete(Object o) in /Users/workspace/ET-EUI/Unity/Assets/Mono/Module/NetworkTCP/TChannel.cs:line 227
   at ET.TChannel.<>c__DisplayClass10_0.<OnComplete>b__1() in /Users/workspace/ET-EUI/Unity/Assets/Mono/Module/NetworkTCP/TChannel.cs:line 37
   at ET.ThreadSynchronizationContext.Update() in /Users/workspace/ET-EUI/Unity/Assets/Mono/Core/ThreadSynchronizationContext.cs:line 34
   at ET.Game.Update() in /Users/workspace/ET-EUI/Unity/Codes/Model/Core/Entity/Game.cs:line 38
   at ET.Program.Main(String[] args) in /Users/workspace/ET-EUI/Server/App/Program.cs:line 50

2022-08-04 14:12:22.0852 System.NullReferenceException: Object reference not set to an instance of an object.
   at ET.PVERoomSystem.SyncCreateHeroCardMessage(PVERoom self) in /Users/workspace/ET-EUI/Server/Hotfix/Demo/PVERoom/PVERoomSystem.cs:line 52
   at ET.PVERoomSystem.PlayerGameReady(PVERoom self, Unit unit, Int64 AccountId) in /Users/workspace/ET-EUI/Server/Hotfix/Demo/PVERoom/PVERoomSystem.cs:line 41
   at System.Threading.Tasks.Task.<>c.<ThrowAsync>b__128_0(Object state)
   at ET.ThreadSynchronizationContext.<>c__DisplayClass8_0.<Post>b__0() in /Users/workspace/ET-EUI/Unity/Assets/Mono/Core/ThreadSynchronizationContext.cs:line 45
   at ET.ThreadSynchronizationContext.Post(Action action) in /Users/workspace/ET-EUI/Unity/Assets/Mono/Core/ThreadSynchronizationContext.cs:line 54
2022-08-04 14:13:44.4023 193.106.29.74:63762 3 System.Collections.Generic.KeyNotFoundException: The given key '12032' was not present in the dictionary.
   at System.Collections.Generic.Dictionary`2.get_Item(TKey key)
   at ET.OpcodeTypeComponent.GetType(UInt16 opcode) in /Users/workspace/ET-EUI/Unity/Codes/Model/Module/Message/OpcodeTypeComponent.cs:line 100
   at ET.SessionStreamDispatcherServerOuter.Dispatch(Session session, MemoryStream memoryStream) in /Users/workspace/ET-EUI/Server/Hotfix/Demo/Session/SessionStreamDispatcherServerOuter.cs:line 12
   at ET.SessionStreamDispatcherSystem.Dispatch(SessionStreamDispatcher self, Int32 type, Session session, MemoryStream memoryStream) in /Users/workspace/ET-EUI/Unity/Codes/Hotfix/Module/Message/SessionStreamDispatcherSystem.cs:line 81
   at ET.NetKcpComponentSystem.OnRead(NetKcpComponent self, Int64 channelId, MemoryStream memoryStream) in /Users/workspace/ET-EUI/Unity/Codes/Hotfix/Module/Message/NetKcpComponentSystem.cs:line 59
   at ET.NetKcpComponentAwake1System.<>c__DisplayClass0_0.<Awake>b__1(Int64 channelId, MemoryStream Memory) in /Users/workspace/ET-EUI/Unity/Codes/Hotfix/Module/Message/NetKcpComponentSystem.cs:line 31
   at ET.AService.OnRead(Int64 channelId, MemoryStream memoryStream) in /Users/workspace/ET-EUI/Unity/Assets/Mono/Module/Network/AService.cs:line 53
   at ET.TChannel.OnRead(MemoryStream memoryStream) in /Users/workspace/ET-EUI/Unity/Assets/Mono/Module/NetworkTCP/TChannel.cs:line 391
   at ET.TChannel.OnRead(MemoryStream memoryStream) in /Users/workspace/ET-EUI/Unity/Assets/Mono/Module/NetworkTCP/TChannel.cs:line 391
   at ET.TChannel.HandleRecv(Object o) in /Users/workspace/ET-EUI/Unity/Assets/Mono/Module/NetworkTCP/TChannel.cs:line 279
   at ET.TChannel.StartRecv() in /Users/workspace/ET-EUI/Unity/Assets/Mono/Module/NetworkTCP/TChannel.cs:line 221
   at ET.TChannel.<.ctor>b__12_0() in /Users/workspace/ET-EUI/Unity/Assets/Mono/Module/NetworkTCP/TChannel.cs:line 88
   at ET.ThreadSynchronizationContext.Update() in /Users/workspace/ET-EUI/Unity/Assets/Mono/Core/ThreadSynchronizationContext.cs:line 34
   at ET.Game.Update() in /Users/workspace/ET-EUI/Unity/Codes/Model/Core/Entity/Game.cs:line 38
   at ET.Program.Main(String[] args) in /Users/workspace/ET-EUI/Server/App/Program.cs:line 50

